<?xml version="1.0" encoding="UTF-8"?>
<robot generator="Robot 7.0 (Python 3.12.2 on win32)" generated="2024-03-29T00:07:34.408526" rpa="false" schemaversion="5">
<suite id="s1" name="Test" source="C:\Users\Phaedra Solutions\Downloads\automation\robot\Tests\OrangeHRM\Test.robot">
<test id="s1-t1" name="Verify Login Page for orangeHRM" line="11">
<kw name="Open Browser" owner="SeleniumLibrary">
<msg time="2024-03-29T00:07:34.743512" level="INFO">Opening browser 'Firefox' to base url 'https://opensource-demo.orangehrmlive.com'.</msg>
<arg>${LOGIN_URL}</arg>
<arg>${BROWSER}</arg>
<doc>Opens a new browser instance to the optional ``url``.</doc>
<status status="PASS" start="2024-03-29T00:07:34.743512" elapsed="27.489553"/>
</kw>
<kw name="Login With Credentials" owner="LoginPage">
<kw name="Wait Until Page Contains Element" owner="SeleniumLibrary">
<arg>${USERNAME_FIELD}</arg>
<doc>Waits until the element ``locator`` appears on the current page.</doc>
<status status="PASS" start="2024-03-29T00:08:02.234339" elapsed="1.097223"/>
</kw>
<kw name="Input Text" owner="SeleniumLibrary">
<msg time="2024-03-29T00:08:03.332135" level="INFO">Typing text 'Admin' into text field 'xpath://input[@name='username']'.</msg>
<arg>${USERNAME_FIELD}</arg>
<arg>${username}</arg>
<doc>Types the given ``text`` into the text field identified by ``locator``.</doc>
<status status="PASS" start="2024-03-29T00:08:03.331562" elapsed="0.068392"/>
</kw>
<kw name="Input Text" owner="SeleniumLibrary">
<msg time="2024-03-29T00:08:03.401031" level="INFO">Typing text 'admin123' into text field 'xpath://input[@name='password']'.</msg>
<arg>${PASSWORD_FIELD}</arg>
<arg>${password}</arg>
<doc>Types the given ``text`` into the text field identified by ``locator``.</doc>
<status status="PASS" start="2024-03-29T00:08:03.399954" elapsed="0.020583"/>
</kw>
<kw name="Click Element" owner="SeleniumLibrary">
<msg time="2024-03-29T00:08:03.420537" level="INFO">Clicking element 'xpath://button[@type='submit']'.</msg>
<arg>${LOGIN_BUTTON}</arg>
<doc>Click the element identified by ``locator``.</doc>
<status status="PASS" start="2024-03-29T00:08:03.420537" elapsed="4.737669"/>
</kw>
<kw name="Wait Until Page Contains Element" owner="SeleniumLibrary">
<arg>${DASHBOARD_TITLE}</arg>
<doc>Waits until the element ``locator`` appears on the current page.</doc>
<status status="PASS" start="2024-03-29T00:08:08.159196" elapsed="0.456915"/>
</kw>
<arg>Admin</arg>
<arg>admin123</arg>
<status status="PASS" start="2024-03-29T00:08:02.233264" elapsed="6.382847"/>
</kw>
<kw name="Add User Form" owner="AddForm">
<kw name="Click Element" owner="SeleniumLibrary">
<msg time="2024-03-29T00:08:08.617926" level="INFO">Clicking element 'xpath:(//*[@class="oxd-main-menu-item"])[1]'.</msg>
<arg>${ADMIN_LINK}</arg>
<doc>Click the element identified by ``locator``.</doc>
<status status="PASS" start="2024-03-29T00:08:08.617926" elapsed="3.009167"/>
</kw>
<kw name="Wait Until Page Contains Element" owner="SeleniumLibrary">
<arg>${ADD_BUTTON}</arg>
<doc>Waits until the element ``locator`` appears on the current page.</doc>
<status status="PASS" start="2024-03-29T00:08:11.627093" elapsed="0.482728"/>
</kw>
<kw name="Click Element" owner="SeleniumLibrary">
<msg time="2024-03-29T00:08:12.110060" level="INFO">Clicking element 'xpath://button[@type='button' and @class='oxd-button oxd-button--medium oxd-button--secondary']'.</msg>
<arg>${ADD_BUTTON}</arg>
<doc>Click the element identified by ``locator``.</doc>
<status status="PASS" start="2024-03-29T00:08:12.110060" elapsed="2.414779"/>
</kw>
<kw name="Wait Until Page Contains Element" owner="SeleniumLibrary">
<arg>${USERROLE_FIELD}</arg>
<doc>Waits until the element ``locator`` appears on the current page.</doc>
<status status="PASS" start="2024-03-29T00:08:14.525621" elapsed="0.476915"/>
</kw>
<kw name="Click Element" owner="SeleniumLibrary">
<msg time="2024-03-29T00:08:15.003440" level="INFO">Clicking element 'xpath:(//div[@class='oxd-select-text oxd-select-text--active'])[1]'.</msg>
<arg>${USERROLE_FIELD}</arg>
<doc>Click the element identified by ``locator``.</doc>
<status status="PASS" start="2024-03-29T00:08:15.003440" elapsed="0.221874"/>
</kw>
<kw name="Click Element" owner="SeleniumLibrary">
<msg time="2024-03-29T00:08:15.226464" level="INFO">Clicking element 'xpath://span[text()='ESS']'.</msg>
<arg>${USERROLE_FIELDVALUE}</arg>
<doc>Click the element identified by ``locator``.</doc>
<status status="PASS" start="2024-03-29T00:08:15.225314" elapsed="0.243011"/>
</kw>
<kw name="Click Element" owner="SeleniumLibrary">
<msg time="2024-03-29T00:08:15.470596" level="INFO">Clicking element 'xpath:(//div[@class='oxd-select-text oxd-select-text--active'])[2]'.</msg>
<arg>${STATUS_FIELD}</arg>
<doc>Click the element identified by ``locator``.</doc>
<status status="PASS" start="2024-03-29T00:08:15.469476" elapsed="0.238773"/>
</kw>
<kw name="Click Element" owner="SeleniumLibrary">
<msg time="2024-03-29T00:08:15.709356" level="INFO">Clicking element 'xpath://span[text()='Enabled']'.</msg>
<arg>${STATUS_FIELDVALUE}</arg>
<doc>Click the element identified by ``locator``.</doc>
<status status="PASS" start="2024-03-29T00:08:15.709356" elapsed="0.225979"/>
</kw>
<kw name="Clear Element Text" owner="SeleniumLibrary">
<arg>${EMPLOYEE_NAME}</arg>
<doc>Clears the value of the text-input-element identified by ``locator``.</doc>
<status status="PASS" start="2024-03-29T00:08:15.937189" elapsed="0.031809"/>
</kw>
<kw name="Input Text" owner="SeleniumLibrary">
<msg time="2024-03-29T00:08:15.971535" level="INFO">Typing text 'Ranga' into text field 'xpath://input[@placeholder='Type for hints...']'.</msg>
<arg>${EMPLOYEE_NAME}</arg>
<arg>Ranga</arg>
<arg>Akunuri</arg>
<doc>Types the given ``text`` into the text field identified by ``locator``.</doc>
<status status="PASS" start="2024-03-29T00:08:15.970118" elapsed="0.053482"/>
</kw>
<kw name="Wait Until Element Is Visible" owner="SeleniumLibrary">
<arg>${EMPLOYEENAME_OPTIONS}</arg>
<doc>Waits until the element ``locator`` is visible.</doc>
<status status="PASS" start="2024-03-29T00:08:16.023600" elapsed="0.023687"/>
</kw>
<kw name="Click Element" owner="SeleniumLibrary">
<msg time="2024-03-29T00:08:16.047287" level="INFO">Clicking element 'xpath://div[@class='oxd-autocomplete-option'][1]'.</msg>
<arg>${EMPLOYEENAME_OPTIONS}</arg>
<doc>Click the element identified by ``locator``.</doc>
<status status="PASS" start="2024-03-29T00:08:16.047287" elapsed="0.242033"/>
</kw>
<kw name="Input Text" owner="SeleniumLibrary">
<msg time="2024-03-29T00:08:16.290229" level="INFO">Typing text 'admins' into text field 'xpath:(//input[contains(@class, 'oxd-input')])[2]'.</msg>
<arg>xpath:(//input[contains(@class, 'oxd-input')])[2]</arg>
<arg>admins</arg>
<doc>Types the given ``text`` into the text field identified by ``locator``.</doc>
<status status="PASS" start="2024-03-29T00:08:16.289320" elapsed="0.117617"/>
</kw>
<kw name="Input Text" owner="SeleniumLibrary">
<msg time="2024-03-29T00:08:16.406937" level="INFO">Typing text 'admin123' into text field 'xpath:(//input[@type='password'])[1]'.</msg>
<arg>xpath:(//input[@type='password'])[1]</arg>
<arg>admin123</arg>
<doc>Types the given ``text`` into the text field identified by ``locator``.</doc>
<status status="PASS" start="2024-03-29T00:08:16.406937" elapsed="0.058750"/>
</kw>
<kw name="Input Text" owner="SeleniumLibrary">
<msg time="2024-03-29T00:08:16.465687" level="INFO">Typing text 'admin123' into text field 'xpath:(//input[@type='password'])[2]'.</msg>
<arg>xpath:(//input[@type='password'])[2]</arg>
<arg>admin123</arg>
<doc>Types the given ``text`` into the text field identified by ``locator``.</doc>
<status status="PASS" start="2024-03-29T00:08:16.465687" elapsed="0.049292"/>
</kw>
<kw name="Click Element" owner="SeleniumLibrary">
<msg time="2024-03-29T00:08:16.516053" level="INFO">Clicking element 'xpath://button[@type='submit']'.</msg>
<arg>${SUBMIT_BUTTON}</arg>
<doc>Click the element identified by ``locator``.</doc>
<status status="PASS" start="2024-03-29T00:08:16.516053" elapsed="0.220076"/>
</kw>
<status status="PASS" start="2024-03-29T00:08:08.616949" elapsed="8.119180"/>
</kw>
<kw name="Close Browser" owner="SeleniumLibrary">
<doc>Closes the current browser.</doc>
<status status="PASS" start="2024-03-29T00:08:16.737699" elapsed="3.387399"/>
</kw>
<doc>This test case verifies the basic add user form functionality</doc>
<tag>Functional</tag>
<status status="PASS" start="2024-03-29T00:07:34.742521" elapsed="45.383565"/>
</test>
<doc>Basic Search Functionality</doc>
<status status="PASS" start="2024-03-29T00:07:34.409881" elapsed="45.718392"/>
</suite>
<statistics>
<total>
<stat pass="1" fail="0" skip="0">All Tests</stat>
</total>
<tag>
<stat pass="1" fail="0" skip="0">Functional</stat>
</tag>
<suite>
<stat pass="1" fail="0" skip="0" id="s1" name="Test">Test</stat>
</suite>
</statistics>
<errors>
</errors>
</robot>
